app/build/intermediates/manifest_merge_blame_file/debug/manifest-merger-blame-debug-report.txt
1<?xml version="1.0" encoding="utf-8"?>
2<manifest xmlns:android="http://schemas.android.com/apk/res/android"
3    package="com.google.codelab.mlkit"
4    android:versionCode="1"
5    android:versionName="1.0" >
6
7    <uses-sdk
8        android:minSdkVersion="19"
8-->src/main/AndroidManifest.xml
9        android:targetSdkVersion="28" />
9-->src/main/AndroidManifest.xml
10
11    <uses-permission android:name="android.permission.INTERNET" />
11-->src/main/AndroidManifest.xml:5:5-66
11-->src/main/AndroidManifest.xml:5:22-64
12    <uses-permission
12-->src/main/AndroidManifest.xml:6:5-7:38
13        android:name="android.permission.WRITE_EXTERNAL_STORAGE"
13-->src/main/AndroidManifest.xml:6:22-78
14        android:maxSdkVersion="18" />
14-->src/main/AndroidManifest.xml:7:9-35
15    <uses-permission
15-->src/main/AndroidManifest.xml:8:5-9:38
16        android:name="android.permission.READ_EXTERNAL_STORAGE"
16-->src/main/AndroidManifest.xml:8:22-77
17        android:maxSdkVersion="18" />
17-->src/main/AndroidManifest.xml:9:9-35
18
19    <!-- Although the *SdkVersion is captured in gradle build files, this is required for non gradle builds -->
20    <!-- <uses-sdk android:minSdkVersion="14"/> -->
21    <uses-permission android:name="android.permission.ACCESS_NETWORK_STATE" />
21-->[com.google.android.datatransport:transport-backend-cct:2.2.2] AndroidManifest.xml:25:5-79
21-->[com.google.android.datatransport:transport-backend-cct:2.2.2] AndroidManifest.xml:25:22-76
22
23    <application
23-->src/main/AndroidManifest.xml:10:5-26:19
24        android:allowBackup="true"
24-->src/main/AndroidManifest.xml:11:9-35
25        android:appComponentFactory="androidx.core.app.CoreComponentFactory"
25-->[androidx.core:core:1.1.0] AndroidManifest.xml:24:18-86
26        android:debuggable="true"
27        android:icon="@mipmap/ic_launcher"
27-->src/main/AndroidManifest.xml:12:9-43
28        android:label="@string/app_name"
28-->src/main/AndroidManifest.xml:13:9-41
29        android:roundIcon="@mipmap/ic_launcher_round"
29-->src/main/AndroidManifest.xml:14:9-54
30        android:supportsRtl="true"
30-->src/main/AndroidManifest.xml:15:9-35
31        android:testOnly="true"
32        android:theme="@style/AppTheme" >
32-->src/main/AndroidManifest.xml:16:9-40
33        <activity
33-->src/main/AndroidManifest.xml:17:9-25:20
34            android:name="com.google.codelab.mlkit.MainActivity"
34-->src/main/AndroidManifest.xml:17:19-47
35            android:configChanges="keyboardHidden|orientation|screenSize"
35-->src/main/AndroidManifest.xml:19:13-74
36            android:screenOrientation="portrait" >
36-->src/main/AndroidManifest.xml:18:13-49
37            <intent-filter>
37-->src/main/AndroidManifest.xml:20:13-24:29
38                <action android:name="android.intent.action.MAIN" />
38-->src/main/AndroidManifest.xml:21:17-69
38-->src/main/AndroidManifest.xml:21:25-66
39
40                <category android:name="android.intent.category.LAUNCHER" />
40-->src/main/AndroidManifest.xml:23:17-77
40-->src/main/AndroidManifest.xml:23:27-74
41            </intent-filter>
42        </activity>
43
44        <service
44-->[com.google.android.gms:play-services-mlkit-text-recognition:16.0.0] AndroidManifest.xml:9:9-15:19
45            android:name="com.google.mlkit.common.internal.MlKitComponentDiscoveryService"
45-->[com.google.android.gms:play-services-mlkit-text-recognition:16.0.0] AndroidManifest.xml:10:13-91
46            android:directBootAware="true"
46-->[com.google.mlkit:common:16.0.0] AndroidManifest.xml:17:13-43
47            android:exported="false" >
47-->[com.google.android.gms:play-services-mlkit-text-recognition:16.0.0] AndroidManifest.xml:11:13-37
48            <meta-data
48-->[com.google.android.gms:play-services-mlkit-text-recognition:16.0.0] AndroidManifest.xml:12:13-14:85
49                android:name="com.google.firebase.components:com.google.mlkit.vision.text.internal.TextRegistrar"
49-->[com.google.android.gms:play-services-mlkit-text-recognition:16.0.0] AndroidManifest.xml:13:17-114
50                android:value="com.google.firebase.components.ComponentRegistrar" />
50-->[com.google.android.gms:play-services-mlkit-text-recognition:16.0.0] AndroidManifest.xml:14:17-82
51            <meta-data
51-->[com.google.android.gms:play-services-mlkit-face-detection:16.0.0] AndroidManifest.xml:12:13-14:85
52                android:name="com.google.firebase.components:com.google.mlkit.vision.face.internal.FaceRegistrar"
52-->[com.google.android.gms:play-services-mlkit-face-detection:16.0.0] AndroidManifest.xml:13:17-114
53                android:value="com.google.firebase.components.ComponentRegistrar" />
53-->[com.google.android.gms:play-services-mlkit-face-detection:16.0.0] AndroidManifest.xml:14:17-82
54            <meta-data
54-->[com.google.mlkit:vision-common:16.0.0] AndroidManifest.xml:12:13-14:85
55                android:name="com.google.firebase.components:com.google.mlkit.vision.common.internal.VisionCommonRegistrar"
55-->[com.google.mlkit:vision-common:16.0.0] AndroidManifest.xml:13:17-124
56                android:value="com.google.firebase.components.ComponentRegistrar" />
56-->[com.google.mlkit:vision-common:16.0.0] AndroidManifest.xml:14:17-82
57            <meta-data
57-->[com.google.mlkit:common:16.0.0] AndroidManifest.xml:20:13-22:85
58                android:name="com.google.firebase.components:com.google.mlkit.common.internal.CommonComponentRegistrar"
58-->[com.google.mlkit:common:16.0.0] AndroidManifest.xml:21:17-120
59                android:value="com.google.firebase.components.ComponentRegistrar" />
59-->[com.google.mlkit:common:16.0.0] AndroidManifest.xml:22:17-82
60        </service>
61
62        <provider
62-->[com.google.mlkit:common:16.0.0] AndroidManifest.xml:9:9-13:38
63            android:name="com.google.mlkit.common.internal.MlKitInitProvider"
63-->[com.google.mlkit:common:16.0.0] AndroidManifest.xml:10:13-78
64            android:authorities="com.google.codelab.mlkit.mlkitinitprovider"
64-->[com.google.mlkit:common:16.0.0] AndroidManifest.xml:11:13-69
65            android:exported="false"
65-->[com.google.mlkit:common:16.0.0] AndroidManifest.xml:12:13-37
66            android:initOrder="99" />
66-->[com.google.mlkit:common:16.0.0] AndroidManifest.xml:13:13-35
67
68        <activity
68-->[com.google.android.gms:play-services-base:17.0.0] AndroidManifest.xml:23:9-26:75
69            android:name="com.google.android.gms.common.api.GoogleApiActivity"
69-->[com.google.android.gms:play-services-base:17.0.0] AndroidManifest.xml:24:13-79
70            android:exported="false"
70-->[com.google.android.gms:play-services-base:17.0.0] AndroidManifest.xml:25:13-37
71            android:theme="@android:style/Theme.Translucent.NoTitleBar" />
71-->[com.google.android.gms:play-services-base:17.0.0] AndroidManifest.xml:26:13-72
72
73        <meta-data
73-->[com.google.android.gms:play-services-basement:17.0.0] AndroidManifest.xml:23:9-25:69
74            android:name="com.google.android.gms.version"
74-->[com.google.android.gms:play-services-basement:17.0.0] AndroidManifest.xml:24:13-58
75            android:value="@integer/google_play_services_version" />
75-->[com.google.android.gms:play-services-basement:17.0.0] AndroidManifest.xml:25:13-66
76
77        <service
77-->[com.google.android.datatransport:transport-backend-cct:2.2.2] AndroidManifest.xml:29:9-35:19
78            android:name="com.google.android.datatransport.runtime.backends.TransportBackendDiscovery"
78-->[com.google.android.datatransport:transport-backend-cct:2.2.2] AndroidManifest.xml:30:13-103
79            android:exported="false" >
79-->[com.google.android.datatransport:transport-backend-cct:2.2.2] AndroidManifest.xml:31:13-37
80            <meta-data
80-->[com.google.android.datatransport:transport-backend-cct:2.2.2] AndroidManifest.xml:32:13-34:39
81                android:name="backend:com.google.android.datatransport.cct.CctBackendFactory"
81-->[com.google.android.datatransport:transport-backend-cct:2.2.2] AndroidManifest.xml:33:17-94
82                android:value="cct" />
82-->[com.google.android.datatransport:transport-backend-cct:2.2.2] AndroidManifest.xml:34:17-36
83        </service>
84        <service
84-->[com.google.android.datatransport:transport-runtime:2.2.2] AndroidManifest.xml:26:9-30:19
85            android:name="com.google.android.datatransport.runtime.scheduling.jobscheduling.JobInfoSchedulerService"
85-->[com.google.android.datatransport:transport-runtime:2.2.2] AndroidManifest.xml:27:13-117
86            android:exported="false"
86-->[com.google.android.datatransport:transport-runtime:2.2.2] AndroidManifest.xml:28:13-37
87            android:permission="android.permission.BIND_JOB_SERVICE" >
87-->[com.google.android.datatransport:transport-runtime:2.2.2] AndroidManifest.xml:29:13-69
88        </service>
89
90        <receiver
90-->[com.google.android.datatransport:transport-runtime:2.2.2] AndroidManifest.xml:32:9-34:40
91            android:name="com.google.android.datatransport.runtime.scheduling.jobscheduling.AlarmManagerSchedulerBroadcastReceiver"
91-->[com.google.android.datatransport:transport-runtime:2.2.2] AndroidManifest.xml:33:13-132
92            android:exported="false" />
92-->[com.google.android.datatransport:transport-runtime:2.2.2] AndroidManifest.xml:34:13-37
93    </application>
94
95</manifest>